
*** Running vivado
    with args -log uart_demo.vds -m64 -product Vivado -mode batch -messageDb vivado.pb -notrace -source uart_demo.tcl


****** Vivado v2019.2 (64-bit)
  **** SW Build 2708876 on Wed Nov  6 21:40:23 MST 2019
  **** IP Build 2700528 on Thu Nov  7 00:09:20 MST 2019
    ** Copyright 1986-2019 Xilinx, Inc. All Rights Reserved.

source uart_demo.tcl -notrace
Command: synth_design -top uart_demo -part xc7a35tcsg324-1
Starting synth_design
Attempting to get a license for feature 'Synthesis' and/or device 'xc7a35t'
INFO: [Common 17-349] Got license for feature 'Synthesis' and/or device 'xc7a35t'
INFO: [Device 21-403] Loading part xc7a35tcsg324-1
INFO: Launching helper process for spawning children vivado processes
INFO: Helper process launched with PID 16804 
---------------------------------------------------------------------------------
Starting RTL Elaboration : Time (s): cpu = 00:00:04 ; elapsed = 00:00:05 . Memory (MB): peak = 836.629 ; gain = 234.277
---------------------------------------------------------------------------------
INFO: [Synth 8-6157] synthesizing module 'uart_demo' [C:/Users/aa/Desktop/uart_verilo/uart_demo.v:1]
INFO: [Synth 8-6157] synthesizing module 'rx' [C:/Users/aa/Desktop/uart_verilo/rx.v:1]
INFO: [Synth 8-6155] done synthesizing module 'rx' (1#1) [C:/Users/aa/Desktop/uart_verilo/rx.v:1]
INFO: [Synth 8-6155] done synthesizing module 'uart_demo' (2#1) [C:/Users/aa/Desktop/uart_verilo/uart_demo.v:1]
WARNING: [Synth 8-3331] design uart_demo has unconnected port exp_io[30]
WARNING: [Synth 8-3331] design uart_demo has unconnected port exp_io[29]
WARNING: [Synth 8-3331] design uart_demo has unconnected port exp_io[28]
WARNING: [Synth 8-3331] design uart_demo has unconnected port exp_io[25]
---------------------------------------------------------------------------------
Finished RTL Elaboration : Time (s): cpu = 00:00:05 ; elapsed = 00:00:06 . Memory (MB): peak = 909.320 ; gain = 306.969
---------------------------------------------------------------------------------

Report Check Netlist: 
+------+------------------+-------+---------+-------+------------------+
|      |Item              |Errors |Warnings |Status |Description       |
+------+------------------+-------+---------+-------+------------------+
|1     |multi_driven_nets |      0|        0|Passed |Multi driven nets |
+------+------------------+-------+---------+-------+------------------+
---------------------------------------------------------------------------------
Start Handling Custom Attributes
---------------------------------------------------------------------------------
---------------------------------------------------------------------------------
Finished Handling Custom Attributes : Time (s): cpu = 00:00:06 ; elapsed = 00:00:06 . Memory (MB): peak = 909.320 ; gain = 306.969
---------------------------------------------------------------------------------
---------------------------------------------------------------------------------
Finished RTL Optimization Phase 1 : Time (s): cpu = 00:00:06 ; elapsed = 00:00:06 . Memory (MB): peak = 909.320 ; gain = 306.969
---------------------------------------------------------------------------------
Netlist sorting complete. Time (s): cpu = 00:00:00 ; elapsed = 00:00:00 . Memory (MB): peak = 909.320 ; gain = 0.000
INFO: [Project 1-570] Preparing netlist for logic optimization

Processing XDC Constraints
Initializing timing engine
Parsing XDC File [C:/Users/aa/Desktop/uart_verilo/EGo1.xdc]
CRITICAL WARNING: [Designutils 20-1307] Command '/////////////////////////////?ÇÈ??åÂæ©Ê≠?///////////////////////////////////////////////////////////////////////' is not supported in the xdc constraint file. [C:/Users/aa/Desktop/uart_verilo/EGo1.xdc:1]
WARNING: [Vivado 12-584] No ports matched 'sys_clk_in'. [C:/Users/aa/Desktop/uart_verilo/EGo1.xdc:2]
CRITICAL WARNING: [Common 17-55] 'set_property' expects at least one object. [C:/Users/aa/Desktop/uart_verilo/EGo1.xdc:2]
Resolution: If [get_<value>] was used to populate the object, check to make sure this command returns at least one valid object.
WARNING: [Vivado 12-584] No ports matched 'sys_rst_n'. [C:/Users/aa/Desktop/uart_verilo/EGo1.xdc:3]
CRITICAL WARNING: [Common 17-55] 'set_property' expects at least one object. [C:/Users/aa/Desktop/uart_verilo/EGo1.xdc:3]
Resolution: If [get_<value>] was used to populate the object, check to make sure this command returns at least one valid object.
CRITICAL WARNING: [Designutils 20-1307] Command '/////////////////////////////Á´ØÂè£/////////////////////////////////////////////' is not supported in the xdc constraint file. [C:/Users/aa/Desktop/uart_verilo/EGo1.xdc:5]
WARNING: [Vivado 12-584] No ports matched 'PC_Uart_rxd'. [C:/Users/aa/Desktop/uart_verilo/EGo1.xdc:6]
CRITICAL WARNING: [Common 17-55] 'set_property' expects at least one object. [C:/Users/aa/Desktop/uart_verilo/EGo1.xdc:6]
Resolution: If [get_<value>] was used to populate the object, check to make sure this command returns at least one valid object.
WARNING: [Vivado 12-584] No ports matched 'PC_Uart_txd'. [C:/Users/aa/Desktop/uart_verilo/EGo1.xdc:7]
CRITICAL WARNING: [Common 17-55] 'set_property' expects at least one object. [C:/Users/aa/Desktop/uart_verilo/EGo1.xdc:7]
Resolution: If [get_<value>] was used to populate the object, check to make sure this command returns at least one valid object.
CRITICAL WARNING: [Designutils 20-1307] Command '////////////////////////////////?çËäΩ///////////////////////////////////////////' is not supported in the xdc constraint file. [C:/Users/aa/Desktop/uart_verilo/EGo1.xdc:9]
WARNING: [Vivado 12-584] No ports matched 'BT_Uart_rxd'. [C:/Users/aa/Desktop/uart_verilo/EGo1.xdc:10]
CRITICAL WARNING: [Common 17-55] 'set_property' expects at least one object. [C:/Users/aa/Desktop/uart_verilo/EGo1.xdc:10]
Resolution: If [get_<value>] was used to populate the object, check to make sure this command returns at least one valid object.
WARNING: [Vivado 12-584] No ports matched 'BT_Uart_txd'. [C:/Users/aa/Desktop/uart_verilo/EGo1.xdc:11]
CRITICAL WARNING: [Common 17-55] 'set_property' expects at least one object. [C:/Users/aa/Desktop/uart_verilo/EGo1.xdc:11]
Resolution: If [get_<value>] was used to populate the object, check to make sure this command returns at least one valid object.
WARNING: [Vivado 12-584] No ports matched 'bt_ctrl_o[0]'. [C:/Users/aa/Desktop/uart_verilo/EGo1.xdc:13]
CRITICAL WARNING: [Common 17-55] 'set_property' expects at least one object. [C:/Users/aa/Desktop/uart_verilo/EGo1.xdc:13]
Resolution: If [get_<value>] was used to populate the object, check to make sure this command returns at least one valid object.
WARNING: [Vivado 12-584] No ports matched 'bt_ctrl_o[1]'. [C:/Users/aa/Desktop/uart_verilo/EGo1.xdc:14]
CRITICAL WARNING: [Common 17-55] 'set_property' expects at least one object. [C:/Users/aa/Desktop/uart_verilo/EGo1.xdc:14]
Resolution: If [get_<value>] was used to populate the object, check to make sure this command returns at least one valid object.
WARNING: [Vivado 12-584] No ports matched 'bt_ctrl_o[2]'. [C:/Users/aa/Desktop/uart_verilo/EGo1.xdc:15]
CRITICAL WARNING: [Common 17-55] 'set_property' expects at least one object. [C:/Users/aa/Desktop/uart_verilo/EGo1.xdc:15]
Resolution: If [get_<value>] was used to populate the object, check to make sure this command returns at least one valid object.
WARNING: [Vivado 12-584] No ports matched 'bt_ctrl_o[3]'. [C:/Users/aa/Desktop/uart_verilo/EGo1.xdc:16]
CRITICAL WARNING: [Common 17-55] 'set_property' expects at least one object. [C:/Users/aa/Desktop/uart_verilo/EGo1.xdc:16]
Resolution: If [get_<value>] was used to populate the object, check to make sure this command returns at least one valid object.
WARNING: [Vivado 12-584] No ports matched 'bt_ctrl_o[4]'. [C:/Users/aa/Desktop/uart_verilo/EGo1.xdc:17]
CRITICAL WARNING: [Common 17-55] 'set_property' expects at least one object. [C:/Users/aa/Desktop/uart_verilo/EGo1.xdc:17]
Resolution: If [get_<value>] was used to populate the object, check to make sure this command returns at least one valid object.
WARNING: [Vivado 12-584] No ports matched 'bt_mcu_int_i'. [C:/Users/aa/Desktop/uart_verilo/EGo1.xdc:19]
CRITICAL WARNING: [Common 17-55] 'set_property' expects at least one object. [C:/Users/aa/Desktop/uart_verilo/EGo1.xdc:19]
Resolution: If [get_<value>] was used to populate the object, check to make sure this command returns at least one valid object.
CRITICAL WARNING: [Designutils 20-1307] Command '///////////////////////////////?≥Ê?Á´ØÂè£////////////////////////////////////////' is not supported in the xdc constraint file. [C:/Users/aa/Desktop/uart_verilo/EGo1.xdc:21]
WARNING: [Vivado 12-584] No ports matched 'audio_pwm_o'. [C:/Users/aa/Desktop/uart_verilo/EGo1.xdc:22]
CRITICAL WARNING: [Common 17-55] 'set_property' expects at least one object. [C:/Users/aa/Desktop/uart_verilo/EGo1.xdc:22]
Resolution: If [get_<value>] was used to populate the object, check to make sure this command returns at least one valid object.
WARNING: [Vivado 12-584] No ports matched 'audio_sd_o'. [C:/Users/aa/Desktop/uart_verilo/EGo1.xdc:23]
CRITICAL WARNING: [Common 17-55] 'set_property' expects at least one object. [C:/Users/aa/Desktop/uart_verilo/EGo1.xdc:23]
Resolution: If [get_<value>] was used to populate the object, check to make sure this command returns at least one valid object.
CRITICAL WARNING: [Designutils 20-1307] Command '//////////////////////////////////iic////////////////////////////////////////////' is not supported in the xdc constraint file. [C:/Users/aa/Desktop/uart_verilo/EGo1.xdc:25]
WARNING: [Vivado 12-584] No ports matched 'pw_iic_scl_io'. [C:/Users/aa/Desktop/uart_verilo/EGo1.xdc:26]
CRITICAL WARNING: [Common 17-55] 'set_property' expects at least one object. [C:/Users/aa/Desktop/uart_verilo/EGo1.xdc:26]
Resolution: If [get_<value>] was used to populate the object, check to make sure this command returns at least one valid object.
WARNING: [Vivado 12-584] No ports matched 'pw_iic_sda_io'. [C:/Users/aa/Desktop/uart_verilo/EGo1.xdc:27]
CRITICAL WARNING: [Common 17-55] 'set_property' expects at least one object. [C:/Users/aa/Desktop/uart_verilo/EGo1.xdc:27]
Resolution: If [get_<value>] was used to populate the object, check to make sure this command returns at least one valid object.
CRITICAL WARNING: [Designutils 20-1307] Command '//////////////////////////////////XADCÊ®°Êì¨ËΩâÊ?///////////////////////////////////' is not supported in the xdc constraint file. [C:/Users/aa/Desktop/uart_verilo/EGo1.xdc:29]
WARNING: [Vivado 12-584] No ports matched 'A_VAUXN'. [C:/Users/aa/Desktop/uart_verilo/EGo1.xdc:30]
CRITICAL WARNING: [Common 17-55] 'set_property' expects at least one object. [C:/Users/aa/Desktop/uart_verilo/EGo1.xdc:30]
Resolution: If [get_<value>] was used to populate the object, check to make sure this command returns at least one valid object.
WARNING: [Vivado 12-584] No ports matched 'A_VAUXP'. [C:/Users/aa/Desktop/uart_verilo/EGo1.xdc:31]
CRITICAL WARNING: [Common 17-55] 'set_property' expects at least one object. [C:/Users/aa/Desktop/uart_verilo/EGo1.xdc:31]
Resolution: If [get_<value>] was used to populate the object, check to make sure this command returns at least one valid object.
WARNING: [Vivado 12-584] No ports matched 'XADC_AUX_v_p'. [C:/Users/aa/Desktop/uart_verilo/EGo1.xdc:32]
CRITICAL WARNING: [Common 17-55] 'set_property' expects at least one object. [C:/Users/aa/Desktop/uart_verilo/EGo1.xdc:32]
Resolution: If [get_<value>] was used to populate the object, check to make sure this command returns at least one valid object.
WARNING: [Vivado 12-584] No ports matched 'XADC_VP_VN_v_n'. [C:/Users/aa/Desktop/uart_verilo/EGo1.xdc:33]
CRITICAL WARNING: [Common 17-55] 'set_property' expects at least one object. [C:/Users/aa/Desktop/uart_verilo/EGo1.xdc:33]
Resolution: If [get_<value>] was used to populate the object, check to make sure this command returns at least one valid object.
WARNING: [Vivado 12-584] No ports matched 'XADC_VP_VN_v_p'. [C:/Users/aa/Desktop/uart_verilo/EGo1.xdc:34]
CRITICAL WARNING: [Common 17-55] 'set_property' expects at least one object. [C:/Users/aa/Desktop/uart_verilo/EGo1.xdc:34]
Resolution: If [get_<value>] was used to populate the object, check to make sure this command returns at least one valid object.
CRITICAL WARNING: [Designutils 20-1307] Command '/////////////////////////////////////5‰∏™Ê???/////////////////////////////////////' is not supported in the xdc constraint file. [C:/Users/aa/Desktop/uart_verilo/EGo1.xdc:36]
WARNING: [Vivado 12-584] No ports matched 'btn[0]'. [C:/Users/aa/Desktop/uart_verilo/EGo1.xdc:37]
CRITICAL WARNING: [Common 17-55] 'set_property' expects at least one object. [C:/Users/aa/Desktop/uart_verilo/EGo1.xdc:37]
Resolution: If [get_<value>] was used to populate the object, check to make sure this command returns at least one valid object.
WARNING: [Vivado 12-584] No ports matched 'btn[1]'. [C:/Users/aa/Desktop/uart_verilo/EGo1.xdc:38]
CRITICAL WARNING: [Common 17-55] 'set_property' expects at least one object. [C:/Users/aa/Desktop/uart_verilo/EGo1.xdc:38]
Resolution: If [get_<value>] was used to populate the object, check to make sure this command returns at least one valid object.
WARNING: [Vivado 12-584] No ports matched 'btn[2]'. [C:/Users/aa/Desktop/uart_verilo/EGo1.xdc:39]
CRITICAL WARNING: [Common 17-55] 'set_property' expects at least one object. [C:/Users/aa/Desktop/uart_verilo/EGo1.xdc:39]
Resolution: If [get_<value>] was used to populate the object, check to make sure this command returns at least one valid object.
WARNING: [Vivado 12-584] No ports matched 'btn[3]'. [C:/Users/aa/Desktop/uart_verilo/EGo1.xdc:40]
CRITICAL WARNING: [Common 17-55] 'set_property' expects at least one object. [C:/Users/aa/Desktop/uart_verilo/EGo1.xdc:40]
Resolution: If [get_<value>] was used to populate the object, check to make sure this command returns at least one valid object.
WARNING: [Vivado 12-584] No ports matched 'btn[4]'. [C:/Users/aa/Desktop/uart_verilo/EGo1.xdc:41]
CRITICAL WARNING: [Common 17-55] 'set_property' expects at least one object. [C:/Users/aa/Desktop/uart_verilo/EGo1.xdc:41]
Resolution: If [get_<value>] was used to populate the object, check to make sure this command returns at least one valid object.
CRITICAL WARNING: [Designutils 20-1307] Command '///////////////////////////////////?ãÈ?sw0~sw7////////////////////////////////' is not supported in the xdc constraint file. [C:/Users/aa/Desktop/uart_verilo/EGo1.xdc:43]
WARNING: [Vivado 12-584] No ports matched 'sw[0]'. [C:/Users/aa/Desktop/uart_verilo/EGo1.xdc:44]
CRITICAL WARNING: [Common 17-55] 'set_property' expects at least one object. [C:/Users/aa/Desktop/uart_verilo/EGo1.xdc:44]
Resolution: If [get_<value>] was used to populate the object, check to make sure this command returns at least one valid object.
WARNING: [Vivado 12-584] No ports matched 'sw[1]'. [C:/Users/aa/Desktop/uart_verilo/EGo1.xdc:45]
CRITICAL WARNING: [Common 17-55] 'set_property' expects at least one object. [C:/Users/aa/Desktop/uart_verilo/EGo1.xdc:45]
Resolution: If [get_<value>] was used to populate the object, check to make sure this command returns at least one valid object.
WARNING: [Vivado 12-584] No ports matched 'sw[2]'. [C:/Users/aa/Desktop/uart_verilo/EGo1.xdc:46]
CRITICAL WARNING: [Common 17-55] 'set_property' expects at least one object. [C:/Users/aa/Desktop/uart_verilo/EGo1.xdc:46]
Resolution: If [get_<value>] was used to populate the object, check to make sure this command returns at least one valid object.
WARNING: [Vivado 12-584] No ports matched 'sw[3]'. [C:/Users/aa/Desktop/uart_verilo/EGo1.xdc:47]
CRITICAL WARNING: [Common 17-55] 'set_property' expects at least one object. [C:/Users/aa/Desktop/uart_verilo/EGo1.xdc:47]
Resolution: If [get_<value>] was used to populate the object, check to make sure this command returns at least one valid object.
WARNING: [Vivado 12-584] No ports matched 'sw[4]'. [C:/Users/aa/Desktop/uart_verilo/EGo1.xdc:48]
CRITICAL WARNING: [Common 17-55] 'set_property' expects at least one object. [C:/Users/aa/Desktop/uart_verilo/EGo1.xdc:48]
Resolution: If [get_<value>] was used to populate the object, check to make sure this command returns at least one valid object.
WARNING: [Vivado 12-584] No ports matched 'sw[5]'. [C:/Users/aa/Desktop/uart_verilo/EGo1.xdc:49]
CRITICAL WARNING: [Common 17-55] 'set_property' expects at least one object. [C:/Users/aa/Desktop/uart_verilo/EGo1.xdc:49]
Resolution: If [get_<value>] was used to populate the object, check to make sure this command returns at least one valid object.
WARNING: [Vivado 12-584] No ports matched 'sw[6]'. [C:/Users/aa/Desktop/uart_verilo/EGo1.xdc:50]
CRITICAL WARNING: [Common 17-55] 'set_property' expects at least one object. [C:/Users/aa/Desktop/uart_verilo/EGo1.xdc:50]
Resolution: If [get_<value>] was used to populate the object, check to make sure this command returns at least one valid object.
WARNING: [Vivado 12-584] No ports matched 'sw[7]'. [C:/Users/aa/Desktop/uart_verilo/EGo1.xdc:51]
CRITICAL WARNING: [Common 17-55] 'set_property' expects at least one object. [C:/Users/aa/Desktop/uart_verilo/EGo1.xdc:51]
Resolution: If [get_<value>] was used to populate the object, check to make sure this command returns at least one valid object.
CRITICAL WARNING: [Designutils 20-1307] Command '//////////////////////////////////?ãÈ?sw8~sw15/////////////////////////////' is not supported in the xdc constraint file. [C:/Users/aa/Desktop/uart_verilo/EGo1.xdc:53]
WARNING: [Vivado 12-584] No ports matched 'dip_pin[0]'. [C:/Users/aa/Desktop/uart_verilo/EGo1.xdc:54]
CRITICAL WARNING: [Common 17-55] 'set_property' expects at least one object. [C:/Users/aa/Desktop/uart_verilo/EGo1.xdc:54]
Resolution: If [get_<value>] was used to populate the object, check to make sure this command returns at least one valid object.
WARNING: [Vivado 12-584] No ports matched 'dip_pin[1]'. [C:/Users/aa/Desktop/uart_verilo/EGo1.xdc:55]
CRITICAL WARNING: [Common 17-55] 'set_property' expects at least one object. [C:/Users/aa/Desktop/uart_verilo/EGo1.xdc:55]
Resolution: If [get_<value>] was used to populate the object, check to make sure this command returns at least one valid object.
WARNING: [Vivado 12-584] No ports matched 'dip_pin[2]'. [C:/Users/aa/Desktop/uart_verilo/EGo1.xdc:56]
CRITICAL WARNING: [Common 17-55] 'set_property' expects at least one object. [C:/Users/aa/Desktop/uart_verilo/EGo1.xdc:56]
Resolution: If [get_<value>] was used to populate the object, check to make sure this command returns at least one valid object.
WARNING: [Vivado 12-584] No ports matched 'dip_pin[3]'. [C:/Users/aa/Desktop/uart_verilo/EGo1.xdc:57]
CRITICAL WARNING: [Common 17-55] 'set_property' expects at least one object. [C:/Users/aa/Desktop/uart_verilo/EGo1.xdc:57]
Resolution: If [get_<value>] was used to populate the object, check to make sure this command returns at least one valid object.
WARNING: [Vivado 12-584] No ports matched 'dip_pin[4]'. [C:/Users/aa/Desktop/uart_verilo/EGo1.xdc:58]
CRITICAL WARNING: [Common 17-55] 'set_property' expects at least one object. [C:/Users/aa/Desktop/uart_verilo/EGo1.xdc:58]
Resolution: If [get_<value>] was used to populate the object, check to make sure this command returns at least one valid object.
WARNING: [Vivado 12-584] No ports matched 'dip_pin[5]'. [C:/Users/aa/Desktop/uart_verilo/EGo1.xdc:59]
CRITICAL WARNING: [Common 17-55] 'set_property' expects at least one object. [C:/Users/aa/Desktop/uart_verilo/EGo1.xdc:59]
Resolution: If [get_<value>] was used to populate the object, check to make sure this command returns at least one valid object.
WARNING: [Vivado 12-584] No ports matched 'dip_pin[6]'. [C:/Users/aa/Desktop/uart_verilo/EGo1.xdc:60]
CRITICAL WARNING: [Common 17-55] 'set_property' expects at least one object. [C:/Users/aa/Desktop/uart_verilo/EGo1.xdc:60]
Resolution: If [get_<value>] was used to populate the object, check to make sure this command returns at least one valid object.
WARNING: [Vivado 12-584] No ports matched 'dip_pin[7]'. [C:/Users/aa/Desktop/uart_verilo/EGo1.xdc:61]
CRITICAL WARNING: [Common 17-55] 'set_property' expects at least one object. [C:/Users/aa/Desktop/uart_verilo/EGo1.xdc:61]
Resolution: If [get_<value>] was used to populate the object, check to make sure this command returns at least one valid object.
CRITICAL WARNING: [Designutils 20-1307] Command '//////////////////////////////////////LED0~LED15////////////////////////////////' is not supported in the xdc constraint file. [C:/Users/aa/Desktop/uart_verilo/EGo1.xdc:64]
WARNING: [Vivado 12-584] No ports matched 'led[0]'. [C:/Users/aa/Desktop/uart_verilo/EGo1.xdc:65]
CRITICAL WARNING: [Common 17-55] 'set_property' expects at least one object. [C:/Users/aa/Desktop/uart_verilo/EGo1.xdc:65]
Resolution: If [get_<value>] was used to populate the object, check to make sure this command returns at least one valid object.
WARNING: [Vivado 12-584] No ports matched 'led[1]'. [C:/Users/aa/Desktop/uart_verilo/EGo1.xdc:66]
CRITICAL WARNING: [Common 17-55] 'set_property' expects at least one object. [C:/Users/aa/Desktop/uart_verilo/EGo1.xdc:66]
Resolution: If [get_<value>] was used to populate the object, check to make sure this command returns at least one valid object.
WARNING: [Vivado 12-584] No ports matched 'led[2]'. [C:/Users/aa/Desktop/uart_verilo/EGo1.xdc:67]
CRITICAL WARNING: [Common 17-55] 'set_property' expects at least one object. [C:/Users/aa/Desktop/uart_verilo/EGo1.xdc:67]
Resolution: If [get_<value>] was used to populate the object, check to make sure this command returns at least one valid object.
WARNING: [Vivado 12-584] No ports matched 'led[3]'. [C:/Users/aa/Desktop/uart_verilo/EGo1.xdc:68]
CRITICAL WARNING: [Common 17-55] 'set_property' expects at least one object. [C:/Users/aa/Desktop/uart_verilo/EGo1.xdc:68]
Resolution: If [get_<value>] was used to populate the object, check to make sure this command returns at least one valid object.
WARNING: [Vivado 12-584] No ports matched 'led[4]'. [C:/Users/aa/Desktop/uart_verilo/EGo1.xdc:69]
CRITICAL WARNING: [Common 17-55] 'set_property' expects at least one object. [C:/Users/aa/Desktop/uart_verilo/EGo1.xdc:69]
Resolution: If [get_<value>] was used to populate the object, check to make sure this command returns at least one valid object.
WARNING: [Vivado 12-584] No ports matched 'led[5]'. [C:/Users/aa/Desktop/uart_verilo/EGo1.xdc:70]
CRITICAL WARNING: [Common 17-55] 'set_property' expects at least one object. [C:/Users/aa/Desktop/uart_verilo/EGo1.xdc:70]
Resolution: If [get_<value>] was used to populate the object, check to make sure this command returns at least one valid object.
WARNING: [Vivado 12-584] No ports matched 'led[6]'. [C:/Users/aa/Desktop/uart_verilo/EGo1.xdc:71]
CRITICAL WARNING: [Common 17-55] 'set_property' expects at least one object. [C:/Users/aa/Desktop/uart_verilo/EGo1.xdc:71]
Resolution: If [get_<value>] was used to populate the object, check to make sure this command returns at least one valid object.
WARNING: [Vivado 12-584] No ports matched 'led[7]'. [C:/Users/aa/Desktop/uart_verilo/EGo1.xdc:72]
CRITICAL WARNING: [Common 17-55] 'set_property' expects at least one object. [C:/Users/aa/Desktop/uart_verilo/EGo1.xdc:72]
Resolution: If [get_<value>] was used to populate the object, check to make sure this command returns at least one valid object.
WARNING: [Vivado 12-584] No ports matched 'led[8]'. [C:/Users/aa/Desktop/uart_verilo/EGo1.xdc:74]
CRITICAL WARNING: [Common 17-55] 'set_property' expects at least one object. [C:/Users/aa/Desktop/uart_verilo/EGo1.xdc:74]
Resolution: If [get_<value>] was used to populate the object, check to make sure this command returns at least one valid object.
WARNING: [Vivado 12-584] No ports matched 'led[9]'. [C:/Users/aa/Desktop/uart_verilo/EGo1.xdc:75]
CRITICAL WARNING: [Common 17-55] 'set_property' expects at least one object. [C:/Users/aa/Desktop/uart_verilo/EGo1.xdc:75]
Resolution: If [get_<value>] was used to populate the object, check to make sure this command returns at least one valid object.
WARNING: [Vivado 12-584] No ports matched 'led[10]'. [C:/Users/aa/Desktop/uart_verilo/EGo1.xdc:76]
CRITICAL WARNING: [Common 17-55] 'set_property' expects at least one object. [C:/Users/aa/Desktop/uart_verilo/EGo1.xdc:76]
Resolution: If [get_<value>] was used to populate the object, check to make sure this command returns at least one valid object.
WARNING: [Vivado 12-584] No ports matched 'led[11]'. [C:/Users/aa/Desktop/uart_verilo/EGo1.xdc:77]
CRITICAL WARNING: [Common 17-55] 'set_property' expects at least one object. [C:/Users/aa/Desktop/uart_verilo/EGo1.xdc:77]
Resolution: If [get_<value>] was used to populate the object, check to make sure this command returns at least one valid object.
WARNING: [Vivado 12-584] No ports matched 'led[12]'. [C:/Users/aa/Desktop/uart_verilo/EGo1.xdc:78]
CRITICAL WARNING: [Common 17-55] 'set_property' expects at least one object. [C:/Users/aa/Desktop/uart_verilo/EGo1.xdc:78]
Resolution: If [get_<value>] was used to populate the object, check to make sure this command returns at least one valid object.
WARNING: [Vivado 12-584] No ports matched 'led[13]'. [C:/Users/aa/Desktop/uart_verilo/EGo1.xdc:79]
CRITICAL WARNING: [Common 17-55] 'set_property' expects at least one object. [C:/Users/aa/Desktop/uart_verilo/EGo1.xdc:79]
Resolution: If [get_<value>] was used to populate the object, check to make sure this command returns at least one valid object.
WARNING: [Vivado 12-584] No ports matched 'led[14]'. [C:/Users/aa/Desktop/uart_verilo/EGo1.xdc:80]
CRITICAL WARNING: [Common 17-55] 'set_property' expects at least one object. [C:/Users/aa/Desktop/uart_verilo/EGo1.xdc:80]
Resolution: If [get_<value>] was used to populate the object, check to make sure this command returns at least one valid object.
WARNING: [Vivado 12-584] No ports matched 'led[15]'. [C:/Users/aa/Desktop/uart_verilo/EGo1.xdc:81]
CRITICAL WARNING: [Common 17-55] 'set_property' expects at least one object. [C:/Users/aa/Desktop/uart_verilo/EGo1.xdc:81]
Resolution: If [get_<value>] was used to populate the object, check to make sure this command returns at least one valid object.
CRITICAL WARNING: [Designutils 20-1307] Command '///////////////////////////////8‰∏?ÊÆµÈ°ØÁ§∫Âô®/////////////////////////////////' is not supported in the xdc constraint file. [C:/Users/aa/Desktop/uart_verilo/EGo1.xdc:83]
WARNING: [Vivado 12-584] No ports matched 'seg_cs[0]'. [C:/Users/aa/Desktop/uart_verilo/EGo1.xdc:84]
CRITICAL WARNING: [Common 17-55] 'set_property' expects at least one object. [C:/Users/aa/Desktop/uart_verilo/EGo1.xdc:84]
Resolution: If [get_<value>] was used to populate the object, check to make sure this command returns at least one valid object.
WARNING: [Vivado 12-584] No ports matched 'seg_cs[1]'. [C:/Users/aa/Desktop/uart_verilo/EGo1.xdc:85]
CRITICAL WARNING: [Common 17-55] 'set_property' expects at least one object. [C:/Users/aa/Desktop/uart_verilo/EGo1.xdc:85]
Resolution: If [get_<value>] was used to populate the object, check to make sure this command returns at least one valid object.
WARNING: [Vivado 12-584] No ports matched 'seg_cs[2]'. [C:/Users/aa/Desktop/uart_verilo/EGo1.xdc:86]
CRITICAL WARNING: [Common 17-55] 'set_property' expects at least one object. [C:/Users/aa/Desktop/uart_verilo/EGo1.xdc:86]
Resolution: If [get_<value>] was used to populate the object, check to make sure this command returns at least one valid object.
WARNING: [Vivado 12-584] No ports matched 'seg_cs[3]'. [C:/Users/aa/Desktop/uart_verilo/EGo1.xdc:87]
CRITICAL WARNING: [Common 17-55] 'set_property' expects at least one object. [C:/Users/aa/Desktop/uart_verilo/EGo1.xdc:87]
Resolution: If [get_<value>] was used to populate the object, check to make sure this command returns at least one valid object.
WARNING: [Vivado 12-584] No ports matched 'seg_cs[4]'. [C:/Users/aa/Desktop/uart_verilo/EGo1.xdc:88]
CRITICAL WARNING: [Common 17-55] 'set_property' expects at least one object. [C:/Users/aa/Desktop/uart_verilo/EGo1.xdc:88]
Resolution: If [get_<value>] was used to populate the object, check to make sure this command returns at least one valid object.
WARNING: [Vivado 12-584] No ports matched 'seg_cs[5]'. [C:/Users/aa/Desktop/uart_verilo/EGo1.xdc:89]
CRITICAL WARNING: [Common 17-55] 'set_property' expects at least one object. [C:/Users/aa/Desktop/uart_verilo/EGo1.xdc:89]
Resolution: If [get_<value>] was used to populate the object, check to make sure this command returns at least one valid object.
WARNING: [Vivado 12-584] No ports matched 'seg_cs[6]'. [C:/Users/aa/Desktop/uart_verilo/EGo1.xdc:90]
CRITICAL WARNING: [Common 17-55] 'set_property' expects at least one object. [C:/Users/aa/Desktop/uart_verilo/EGo1.xdc:90]
Resolution: If [get_<value>] was used to populate the object, check to make sure this command returns at least one valid object.
WARNING: [Vivado 12-584] No ports matched 'seg_cs[7]'. [C:/Users/aa/Desktop/uart_verilo/EGo1.xdc:91]
CRITICAL WARNING: [Common 17-55] 'set_property' expects at least one object. [C:/Users/aa/Desktop/uart_verilo/EGo1.xdc:91]
Resolution: If [get_<value>] was used to populate the object, check to make sure this command returns at least one valid object.
CRITICAL WARNING: [Designutils 20-1307] Command '///////////////////////////////////7ÊÆµÈ°ØÁ§∫Âô®//////////////////////////////////' is not supported in the xdc constraint file. [C:/Users/aa/Desktop/uart_verilo/EGo1.xdc:93]
WARNING: [Vivado 12-584] No ports matched 'seg_data_0[0]'. [C:/Users/aa/Desktop/uart_verilo/EGo1.xdc:94]
CRITICAL WARNING: [Common 17-55] 'set_property' expects at least one object. [C:/Users/aa/Desktop/uart_verilo/EGo1.xdc:94]
Resolution: If [get_<value>] was used to populate the object, check to make sure this command returns at least one valid object.
WARNING: [Vivado 12-584] No ports matched 'seg_data_0[1]'. [C:/Users/aa/Desktop/uart_verilo/EGo1.xdc:95]
CRITICAL WARNING: [Common 17-55] 'set_property' expects at least one object. [C:/Users/aa/Desktop/uart_verilo/EGo1.xdc:95]
Resolution: If [get_<value>] was used to populate the object, check to make sure this command returns at least one valid object.
WARNING: [Vivado 12-584] No ports matched 'seg_data_0[2]'. [C:/Users/aa/Desktop/uart_verilo/EGo1.xdc:96]
CRITICAL WARNING: [Common 17-55] 'set_property' expects at least one object. [C:/Users/aa/Desktop/uart_verilo/EGo1.xdc:96]
Resolution: If [get_<value>] was used to populate the object, check to make sure this command returns at least one valid object.
WARNING: [Vivado 12-584] No ports matched 'seg_data_0[3]'. [C:/Users/aa/Desktop/uart_verilo/EGo1.xdc:97]
CRITICAL WARNING: [Common 17-55] 'set_property' expects at least one object. [C:/Users/aa/Desktop/uart_verilo/EGo1.xdc:97]
Resolution: If [get_<value>] was used to populate the object, check to make sure this command returns at least one valid object.
WARNING: [Vivado 12-584] No ports matched 'seg_data_0[4]'. [C:/Users/aa/Desktop/uart_verilo/EGo1.xdc:98]
CRITICAL WARNING: [Common 17-55] 'set_property' expects at least one object. [C:/Users/aa/Desktop/uart_verilo/EGo1.xdc:98]
Resolution: If [get_<value>] was used to populate the object, check to make sure this command returns at least one valid object.
WARNING: [Vivado 12-584] No ports matched 'seg_data_0[5]'. [C:/Users/aa/Desktop/uart_verilo/EGo1.xdc:99]
CRITICAL WARNING: [Common 17-55] 'set_property' expects at least one object. [C:/Users/aa/Desktop/uart_verilo/EGo1.xdc:99]
Resolution: If [get_<value>] was used to populate the object, check to make sure this command returns at least one valid object.
WARNING: [Vivado 12-584] No ports matched 'seg_data_0[6]'. [C:/Users/aa/Desktop/uart_verilo/EGo1.xdc:100]
CRITICAL WARNING: [Common 17-55] 'set_property' expects at least one object. [C:/Users/aa/Desktop/uart_verilo/EGo1.xdc:100]
Resolution: If [get_<value>] was used to populate the object, check to make sure this command returns at least one valid object.
WARNING: [Vivado 12-584] No ports matched 'seg_data_0[7]'. [C:/Users/aa/Desktop/uart_verilo/EGo1.xdc:101]
CRITICAL WARNING: [Common 17-55] 'set_property' expects at least one object. [C:/Users/aa/Desktop/uart_verilo/EGo1.xdc:101]
Resolution: If [get_<value>] was used to populate the object, check to make sure this command returns at least one valid object.
WARNING: [Vivado 12-584] No ports matched 'seg_data_1[0]'. [C:/Users/aa/Desktop/uart_verilo/EGo1.xdc:103]
CRITICAL WARNING: [Common 17-55] 'set_property' expects at least one object. [C:/Users/aa/Desktop/uart_verilo/EGo1.xdc:103]
Resolution: If [get_<value>] was used to populate the object, check to make sure this command returns at least one valid object.
WARNING: [Vivado 12-584] No ports matched 'seg_data_1[1]'. [C:/Users/aa/Desktop/uart_verilo/EGo1.xdc:104]
CRITICAL WARNING: [Common 17-55] 'set_property' expects at least one object. [C:/Users/aa/Desktop/uart_verilo/EGo1.xdc:104]
Resolution: If [get_<value>] was used to populate the object, check to make sure this command returns at least one valid object.
WARNING: [Vivado 12-584] No ports matched 'seg_data_1[2]'. [C:/Users/aa/Desktop/uart_verilo/EGo1.xdc:105]
CRITICAL WARNING: [Common 17-55] 'set_property' expects at least one object. [C:/Users/aa/Desktop/uart_verilo/EGo1.xdc:105]
Resolution: If [get_<value>] was used to populate the object, check to make sure this command returns at least one valid object.
WARNING: [Vivado 12-584] No ports matched 'seg_data_1[3]'. [C:/Users/aa/Desktop/uart_verilo/EGo1.xdc:106]
CRITICAL WARNING: [Common 17-55] 'set_property' expects at least one object. [C:/Users/aa/Desktop/uart_verilo/EGo1.xdc:106]
Resolution: If [get_<value>] was used to populate the object, check to make sure this command returns at least one valid object.
WARNING: [Vivado 12-584] No ports matched 'seg_data_1[4]'. [C:/Users/aa/Desktop/uart_verilo/EGo1.xdc:107]
CRITICAL WARNING: [Common 17-55] 'set_property' expects at least one object. [C:/Users/aa/Desktop/uart_verilo/EGo1.xdc:107]
Resolution: If [get_<value>] was used to populate the object, check to make sure this command returns at least one valid object.
WARNING: [Vivado 12-584] No ports matched 'seg_data_1[5]'. [C:/Users/aa/Desktop/uart_verilo/EGo1.xdc:108]
CRITICAL WARNING: [Common 17-55] 'set_property' expects at least one object. [C:/Users/aa/Desktop/uart_verilo/EGo1.xdc:108]
Resolution: If [get_<value>] was used to populate the object, check to make sure this command returns at least one valid object.
WARNING: [Vivado 12-584] No ports matched 'seg_data_1[6]'. [C:/Users/aa/Desktop/uart_verilo/EGo1.xdc:109]
CRITICAL WARNING: [Common 17-55] 'set_property' expects at least one object. [C:/Users/aa/Desktop/uart_verilo/EGo1.xdc:109]
Resolution: If [get_<value>] was used to populate the object, check to make sure this command returns at least one valid object.
WARNING: [Vivado 12-584] No ports matched 'seg_data_1[7]'. [C:/Users/aa/Desktop/uart_verilo/EGo1.xdc:110]
CRITICAL WARNING: [Common 17-55] 'set_property' expects at least one object. [C:/Users/aa/Desktop/uart_verilo/EGo1.xdc:110]
Resolution: If [get_<value>] was used to populate the object, check to make sure this command returns at least one valid object.
CRITICAL WARNING: [Designutils 20-1307] Command '////////////////////////////////////VGAË°åÂ?Ê≠•Â†¥‰ø°Ë?///////////////////////////////' is not supported in the xdc constraint file. [C:/Users/aa/Desktop/uart_verilo/EGo1.xdc:112]
WARNING: [Vivado 12-584] No ports matched 'vga_hs_pin'. [C:/Users/aa/Desktop/uart_verilo/EGo1.xdc:113]
CRITICAL WARNING: [Common 17-55] 'set_property' expects at least one object. [C:/Users/aa/Desktop/uart_verilo/EGo1.xdc:113]
Resolution: If [get_<value>] was used to populate the object, check to make sure this command returns at least one valid object.
WARNING: [Vivado 12-584] No ports matched 'vga_vs_pin'. [C:/Users/aa/Desktop/uart_verilo/EGo1.xdc:114]
CRITICAL WARNING: [Common 17-55] 'set_property' expects at least one object. [C:/Users/aa/Desktop/uart_verilo/EGo1.xdc:114]
Resolution: If [get_<value>] was used to populate the object, check to make sure this command returns at least one valid object.
CRITICAL WARNING: [Designutils 20-1307] Command '///////////////////////////////////////VGAÁ¥ÖË?Á∂?/////////////////////////////////' is not supported in the xdc constraint file. [C:/Users/aa/Desktop/uart_verilo/EGo1.xdc:116]
WARNING: [Vivado 12-584] No ports matched 'vga_R_Data_pin[0]'. [C:/Users/aa/Desktop/uart_verilo/EGo1.xdc:117]
CRITICAL WARNING: [Common 17-55] 'set_property' expects at least one object. [C:/Users/aa/Desktop/uart_verilo/EGo1.xdc:117]
Resolution: If [get_<value>] was used to populate the object, check to make sure this command returns at least one valid object.
WARNING: [Vivado 12-584] No ports matched 'vga_R_Data_pin[1]'. [C:/Users/aa/Desktop/uart_verilo/EGo1.xdc:118]
CRITICAL WARNING: [Common 17-55] 'set_property' expects at least one object. [C:/Users/aa/Desktop/uart_verilo/EGo1.xdc:118]
Resolution: If [get_<value>] was used to populate the object, check to make sure this command returns at least one valid object.
WARNING: [Vivado 12-584] No ports matched 'vga_R_Data_pin[2]'. [C:/Users/aa/Desktop/uart_verilo/EGo1.xdc:119]
CRITICAL WARNING: [Common 17-55] 'set_property' expects at least one object. [C:/Users/aa/Desktop/uart_verilo/EGo1.xdc:119]
Resolution: If [get_<value>] was used to populate the object, check to make sure this command returns at least one valid object.
WARNING: [Vivado 12-584] No ports matched 'vga_R_Data_pin[3]'. [C:/Users/aa/Desktop/uart_verilo/EGo1.xdc:120]
CRITICAL WARNING: [Common 17-55] 'set_property' expects at least one object. [C:/Users/aa/Desktop/uart_verilo/EGo1.xdc:120]
Resolution: If [get_<value>] was used to populate the object, check to make sure this command returns at least one valid object.
WARNING: [Vivado 12-584] No ports matched 'vga_G_Data_pin[0]'. [C:/Users/aa/Desktop/uart_verilo/EGo1.xdc:121]
CRITICAL WARNING: [Common 17-55] 'set_property' expects at least one object. [C:/Users/aa/Desktop/uart_verilo/EGo1.xdc:121]
Resolution: If [get_<value>] was used to populate the object, check to make sure this command returns at least one valid object.
WARNING: [Vivado 12-584] No ports matched 'vga_G_Data_pin[1]'. [C:/Users/aa/Desktop/uart_verilo/EGo1.xdc:122]
CRITICAL WARNING: [Common 17-55] 'set_property' expects at least one object. [C:/Users/aa/Desktop/uart_verilo/EGo1.xdc:122]
Resolution: If [get_<value>] was used to populate the object, check to make sure this command returns at least one valid object.
WARNING: [Vivado 12-584] No ports matched 'vga_G_Data_pin[2]'. [C:/Users/aa/Desktop/uart_verilo/EGo1.xdc:123]
CRITICAL WARNING: [Common 17-55] 'set_property' expects at least one object. [C:/Users/aa/Desktop/uart_verilo/EGo1.xdc:123]
Resolution: If [get_<value>] was used to populate the object, check to make sure this command returns at least one valid object.
WARNING: [Vivado 12-584] No ports matched 'vga_G_Data_pin[3]'. [C:/Users/aa/Desktop/uart_verilo/EGo1.xdc:124]
CRITICAL WARNING: [Common 17-55] 'set_property' expects at least one object. [C:/Users/aa/Desktop/uart_verilo/EGo1.xdc:124]
Resolution: If [get_<value>] was used to populate the object, check to make sure this command returns at least one valid object.
WARNING: [Vivado 12-584] No ports matched 'vga_B_Data_pin[0]'. [C:/Users/aa/Desktop/uart_verilo/EGo1.xdc:125]
CRITICAL WARNING: [Common 17-55] 'set_property' expects at least one object. [C:/Users/aa/Desktop/uart_verilo/EGo1.xdc:125]
Resolution: If [get_<value>] was used to populate the object, check to make sure this command returns at least one valid object.
WARNING: [Vivado 12-584] No ports matched 'vga_B_Data_pin[1]'. [C:/Users/aa/Desktop/uart_verilo/EGo1.xdc:126]
CRITICAL WARNING: [Common 17-55] 'set_property' expects at least one object. [C:/Users/aa/Desktop/uart_verilo/EGo1.xdc:126]
Resolution: If [get_<value>] was used to populate the object, check to make sure this command returns at least one valid object.
WARNING: [Vivado 12-584] No ports matched 'vga_B_Data_pin[2]'. [C:/Users/aa/Desktop/uart_verilo/EGo1.xdc:127]
CRITICAL WARNING: [Common 17-55] 'set_property' expects at least one object. [C:/Users/aa/Desktop/uart_verilo/EGo1.xdc:127]
Resolution: If [get_<value>] was used to populate the object, check to make sure this command returns at least one valid object.
WARNING: [Vivado 12-584] No ports matched 'vga_B_Data_pin[3]'. [C:/Users/aa/Desktop/uart_verilo/EGo1.xdc:128]
CRITICAL WARNING: [Common 17-55] 'set_property' expects at least one object. [C:/Users/aa/Desktop/uart_verilo/EGo1.xdc:128]
Resolution: If [get_<value>] was used to populate the object, check to make sure this command returns at least one valid object.
CRITICAL WARNING: [Designutils 20-1307] Command '/////////////////////////////////////////DACÊ®°Êì¨Â•òÊ?//////////////////////////////////' is not supported in the xdc constraint file. [C:/Users/aa/Desktop/uart_verilo/EGo1.xdc:130]
WARNING: [Vivado 12-584] No ports matched 'dac_ile'. [C:/Users/aa/Desktop/uart_verilo/EGo1.xdc:131]
CRITICAL WARNING: [Common 17-55] 'set_property' expects at least one object. [C:/Users/aa/Desktop/uart_verilo/EGo1.xdc:131]
Resolution: If [get_<value>] was used to populate the object, check to make sure this command returns at least one valid object.
WARNING: [Vivado 12-584] No ports matched 'dac_cs_n'. [C:/Users/aa/Desktop/uart_verilo/EGo1.xdc:132]
CRITICAL WARNING: [Common 17-55] 'set_property' expects at least one object. [C:/Users/aa/Desktop/uart_verilo/EGo1.xdc:132]
Resolution: If [get_<value>] was used to populate the object, check to make sure this command returns at least one valid object.
WARNING: [Vivado 12-584] No ports matched 'dac_wr1_n'. [C:/Users/aa/Desktop/uart_verilo/EGo1.xdc:133]
CRITICAL WARNING: [Common 17-55] 'set_property' expects at least one object. [C:/Users/aa/Desktop/uart_verilo/EGo1.xdc:133]
Resolution: If [get_<value>] was used to populate the object, check to make sure this command returns at least one valid object.
WARNING: [Vivado 12-584] No ports matched 'dac_wr2_n'. [C:/Users/aa/Desktop/uart_verilo/EGo1.xdc:134]
INFO: [Common 17-14] Message 'Vivado 12-584' appears 100 times and further instances of the messages will be disabled. Use the Tcl command set_msg_config to change the current settings. [C:/Users/aa/Desktop/uart_verilo/EGo1.xdc:134]
CRITICAL WARNING: [Common 17-55] 'set_property' expects at least one object. [C:/Users/aa/Desktop/uart_verilo/EGo1.xdc:134]
Resolution: If [get_<value>] was used to populate the object, check to make sure this command returns at least one valid object.
CRITICAL WARNING: [Designutils 20-1307] Command '////////////////////////////////////////PS2/////////////////////////////////////' is not supported in the xdc constraint file. [C:/Users/aa/Desktop/uart_verilo/EGo1.xdc:146]
CRITICAL WARNING: [Designutils 20-1307] Command '/////////////////////////////////////////SDRAM//////////////////////////////////////' is not supported in the xdc constraint file. [C:/Users/aa/Desktop/uart_verilo/EGo1.xdc:151]
CRITICAL WARNING: [Designutils 20-1307] Command '//////////////////////////////////32?ãpmodÁ´ØÂè£//////////////////////////////////////' is not supported in the xdc constraint file. [C:/Users/aa/Desktop/uart_verilo/EGo1.xdc:195]
Finished Parsing XDC File [C:/Users/aa/Desktop/uart_verilo/EGo1.xdc]
INFO: [Project 1-236] Implementation specific constraints were found while reading constraint file [C:/Users/aa/Desktop/uart_verilo/EGo1.xdc]. These constraints will be ignored for synthesis but will be used in implementation. Impacted constraints are listed in the file [.Xil/uart_demo_propImpl.xdc].
Resolution: To avoid this warning, move constraints listed in [.Xil/uart_demo_propImpl.xdc] to another XDC file and exclude this new file from synthesis with the used_in_synthesis property (File Properties dialog in GUI) and re-run elaboration/synthesis.
Completed Processing XDC Constraints

Netlist sorting complete. Time (s): cpu = 00:00:00 ; elapsed = 00:00:00 . Memory (MB): peak = 916.789 ; gain = 0.000
INFO: [Project 1-111] Unisim Transformation Summary:
No Unisim elements were transformed.

Constraint Validation Runtime : Time (s): cpu = 00:00:00 ; elapsed = 00:00:00.002 . Memory (MB): peak = 916.789 ; gain = 0.000
---------------------------------------------------------------------------------
Finished Constraint Validation : Time (s): cpu = 00:00:13 ; elapsed = 00:00:14 . Memory (MB): peak = 916.789 ; gain = 314.438
---------------------------------------------------------------------------------
---------------------------------------------------------------------------------
Start Loading Part and Timing Information
---------------------------------------------------------------------------------
Loading part: xc7a35tcsg324-1
---------------------------------------------------------------------------------
Finished Loading Part and Timing Information : Time (s): cpu = 00:00:13 ; elapsed = 00:00:14 . Memory (MB): peak = 916.789 ; gain = 314.438
---------------------------------------------------------------------------------
---------------------------------------------------------------------------------
Start Applying 'set_property' XDC Constraints
---------------------------------------------------------------------------------
---------------------------------------------------------------------------------
Finished applying 'set_property' XDC Constraints : Time (s): cpu = 00:00:13 ; elapsed = 00:00:14 . Memory (MB): peak = 916.789 ; gain = 314.438
---------------------------------------------------------------------------------
---------------------------------------------------------------------------------
Finished RTL Optimization Phase 2 : Time (s): cpu = 00:00:13 ; elapsed = 00:00:14 . Memory (MB): peak = 916.789 ; gain = 314.438
---------------------------------------------------------------------------------

Report RTL Partitions: 
+-+--------------+------------+----------+
| |RTL Partition |Replication |Instances |
+-+--------------+------------+----------+
+-+--------------+------------+----------+
---------------------------------------------------------------------------------
Start RTL Component Statistics 
---------------------------------------------------------------------------------
Detailed RTL Component Info : 
---------------------------------------------------------------------------------
Finished RTL Component Statistics 
---------------------------------------------------------------------------------
---------------------------------------------------------------------------------
Start RTL Hierarchical Component Statistics 
---------------------------------------------------------------------------------
Hierarchical RTL Component report 
---------------------------------------------------------------------------------
Finished RTL Hierarchical Component Statistics
---------------------------------------------------------------------------------
---------------------------------------------------------------------------------
Start Part Resource Summary
---------------------------------------------------------------------------------
Part Resources:
DSPs: 90 (col length:60)
BRAMs: 100 (col length: RAMB18 60 RAMB36 30)
---------------------------------------------------------------------------------
Finished Part Resource Summary
---------------------------------------------------------------------------------
---------------------------------------------------------------------------------
Start Cross Boundary and Area Optimization
---------------------------------------------------------------------------------
Warning: Parallel synthesis criteria is not met 
WARNING: [Synth 8-3330] design uart_demo has an empty top module
WARNING: [Synth 8-3331] design uart_demo has unconnected port exp_io[30]
WARNING: [Synth 8-3331] design uart_demo has unconnected port exp_io[29]
WARNING: [Synth 8-3331] design uart_demo has unconnected port exp_io[28]
WARNING: [Synth 8-3331] design uart_demo has unconnected port exp_io[25]
---------------------------------------------------------------------------------
Finished Cross Boundary and Area Optimization : Time (s): cpu = 00:00:15 ; elapsed = 00:00:16 . Memory (MB): peak = 916.789 ; gain = 314.438
---------------------------------------------------------------------------------

Report RTL Partitions: 
+-+--------------+------------+----------+
| |RTL Partition |Replication |Instances |
+-+--------------+------------+----------+
+-+--------------+------------+----------+
---------------------------------------------------------------------------------
Start Applying XDC Timing Constraints
---------------------------------------------------------------------------------
---------------------------------------------------------------------------------
Finished Applying XDC Timing Constraints : Time (s): cpu = 00:00:23 ; elapsed = 00:00:24 . Memory (MB): peak = 966.840 ; gain = 364.488
---------------------------------------------------------------------------------
---------------------------------------------------------------------------------
Start Timing Optimization
---------------------------------------------------------------------------------
---------------------------------------------------------------------------------
Finished Timing Optimization : Time (s): cpu = 00:00:23 ; elapsed = 00:00:24 . Memory (MB): peak = 966.840 ; gain = 364.488
---------------------------------------------------------------------------------

Report RTL Partitions: 
+-+--------------+------------+----------+
| |RTL Partition |Replication |Instances |
+-+--------------+------------+----------+
+-+--------------+------------+----------+
---------------------------------------------------------------------------------
Start Technology Mapping
---------------------------------------------------------------------------------
---------------------------------------------------------------------------------
Finished Technology Mapping : Time (s): cpu = 00:00:23 ; elapsed = 00:00:24 . Memory (MB): peak = 976.371 ; gain = 374.020
---------------------------------------------------------------------------------

Report RTL Partitions: 
+-+--------------+------------+----------+
| |RTL Partition |Replication |Instances |
+-+--------------+------------+----------+
+-+--------------+------------+----------+
---------------------------------------------------------------------------------
Start IO Insertion
---------------------------------------------------------------------------------
---------------------------------------------------------------------------------
Start Flattening Before IO Insertion
---------------------------------------------------------------------------------
---------------------------------------------------------------------------------
Finished Flattening Before IO Insertion
---------------------------------------------------------------------------------
---------------------------------------------------------------------------------
Start Final Netlist Cleanup
---------------------------------------------------------------------------------
---------------------------------------------------------------------------------
Finished Final Netlist Cleanup
---------------------------------------------------------------------------------
CRITICAL WARNING: [Synth 8-6030] Inout pin 'exp_io[26]' is read and/or written without using tristate logic. Proper direction of connection may be wrongly inferred. Please use specific direction to avoid any incorrect logic issue [C:/Users/aa/Desktop/uart_verilo/uart_demo.v:1]
---------------------------------------------------------------------------------
Finished IO Insertion : Time (s): cpu = 00:00:27 ; elapsed = 00:00:29 . Memory (MB): peak = 992.180 ; gain = 389.828
---------------------------------------------------------------------------------
---------------------------------------------------------------------------------
Start Renaming Generated Instances
---------------------------------------------------------------------------------
---------------------------------------------------------------------------------
Finished Renaming Generated Instances : Time (s): cpu = 00:00:27 ; elapsed = 00:00:29 . Memory (MB): peak = 992.180 ; gain = 389.828
---------------------------------------------------------------------------------

Report RTL Partitions: 
+-+--------------+------------+----------+
| |RTL Partition |Replication |Instances |
+-+--------------+------------+----------+
+-+--------------+------------+----------+

Report Check Netlist: 
+------+------------------+-------+---------+-------+------------------+
|      |Item              |Errors |Warnings |Status |Description       |
+------+------------------+-------+---------+-------+------------------+
|1     |multi_driven_nets |      0|        0|Passed |Multi driven nets |
+------+------------------+-------+---------+-------+------------------+
---------------------------------------------------------------------------------
Start Rebuilding User Hierarchy
---------------------------------------------------------------------------------
---------------------------------------------------------------------------------
Finished Rebuilding User Hierarchy : Time (s): cpu = 00:00:27 ; elapsed = 00:00:29 . Memory (MB): peak = 992.180 ; gain = 389.828
---------------------------------------------------------------------------------
---------------------------------------------------------------------------------
Start Renaming Generated Ports
---------------------------------------------------------------------------------
---------------------------------------------------------------------------------
Finished Renaming Generated Ports : Time (s): cpu = 00:00:27 ; elapsed = 00:00:29 . Memory (MB): peak = 992.180 ; gain = 389.828
---------------------------------------------------------------------------------
---------------------------------------------------------------------------------
Start Handling Custom Attributes
---------------------------------------------------------------------------------
---------------------------------------------------------------------------------
Finished Handling Custom Attributes : Time (s): cpu = 00:00:27 ; elapsed = 00:00:29 . Memory (MB): peak = 992.180 ; gain = 389.828
---------------------------------------------------------------------------------
---------------------------------------------------------------------------------
Start Renaming Generated Nets
---------------------------------------------------------------------------------
---------------------------------------------------------------------------------
Finished Renaming Generated Nets : Time (s): cpu = 00:00:27 ; elapsed = 00:00:29 . Memory (MB): peak = 992.180 ; gain = 389.828
---------------------------------------------------------------------------------
---------------------------------------------------------------------------------
Start Writing Synthesis Report
---------------------------------------------------------------------------------

Report BlackBoxes: 
+-+--------------+----------+
| |BlackBox name |Instances |
+-+--------------+----------+
+-+--------------+----------+

Report Cell Usage: 
+------+-----+------+
|      |Cell |Count |
+------+-----+------+
|1     |IBUF |     1|
|2     |OBUF |     1|
+------+-----+------+

Report Instance Areas: 
+------+---------+-------+------+
|      |Instance |Module |Cells |
+------+---------+-------+------+
|1     |top      |       |     2|
+------+---------+-------+------+
---------------------------------------------------------------------------------
Finished Writing Synthesis Report : Time (s): cpu = 00:00:27 ; elapsed = 00:00:29 . Memory (MB): peak = 992.180 ; gain = 389.828
---------------------------------------------------------------------------------
Synthesis finished with 0 errors, 1 critical warnings and 5 warnings.
Synthesis Optimization Runtime : Time (s): cpu = 00:00:20 ; elapsed = 00:00:27 . Memory (MB): peak = 992.180 ; gain = 382.359
Synthesis Optimization Complete : Time (s): cpu = 00:00:28 ; elapsed = 00:00:29 . Memory (MB): peak = 992.180 ; gain = 389.828
INFO: [Project 1-571] Translating synthesized netlist
Netlist sorting complete. Time (s): cpu = 00:00:00 ; elapsed = 00:00:00 . Memory (MB): peak = 992.180 ; gain = 0.000
INFO: [Project 1-570] Preparing netlist for logic optimization
INFO: [Opt 31-138] Pushed 0 inverter(s) to 0 load pin(s).
Netlist sorting complete. Time (s): cpu = 00:00:00 ; elapsed = 00:00:00 . Memory (MB): peak = 1001.480 ; gain = 0.000
INFO: [Project 1-111] Unisim Transformation Summary:
No Unisim elements were transformed.

INFO: [Common 17-83] Releasing license: Synthesis
15 Infos, 109 Warnings, 119 Critical Warnings and 0 Errors encountered.
synth_design completed successfully
synth_design: Time (s): cpu = 00:00:33 ; elapsed = 00:00:36 . Memory (MB): peak = 1001.480 ; gain = 694.609
Netlist sorting complete. Time (s): cpu = 00:00:00 ; elapsed = 00:00:00 . Memory (MB): peak = 1001.480 ; gain = 0.000
WARNING: [Constraints 18-5210] No constraints selected for write.
Resolution: This message can indicate that there are no constraints for the design, or it can indicate that the used_in flags are set such that the constraints are ignored. This later case is used when running synth_design to not write synthesis constraints to the resulting checkpoint. Instead, project constraints are read when the synthesized design is opened.
INFO: [Common 17-1381] The checkpoint 'C:/Users/aa/Desktop/uart_verilo/project_1/project_1.runs/synth_1/uart_demo.dcp' has been generated.
INFO: [runtcl-4] Executing : report_utilization -file uart_demo_utilization_synth.rpt -pb uart_demo_utilization_synth.pb
INFO: [Common 17-206] Exiting Vivado at Fri Jul 17 17:33:16 2020...
